<?xml version="1.0" encoding="UTF-8" ?>
<testsuite tests="8" failures="0" name="com.cap_ex.auxiliary.GeneralMethodsTest" time="0" errors="0" skipped="0">
  <properties>
[...]
</properties>
  <testcase classname="com.cap_ex.auxiliary.GeneralMethodsTest" name="testGetAscii" time="0"/>
  <testcase classname="com.cap_ex.auxiliary.GeneralMethodsTest" name="testSerializeForNull" time="0"/>
  <testcase classname="com.cap_ex.auxiliary.GeneralMethodsTest" name="testGetBinaryFromInt" time="0"/>
  <testcase classname="com.cap_ex.auxiliary.GeneralMethodsTest" name="testGetArraySize" time="0"/>
  <testcase classname="com.cap_ex.auxiliary.GeneralMethodsTest" name="getBinaryFromIntNegative" time="0"/>
  <testcase classname="com.cap_ex.auxiliary.GeneralMethodsTest" name="testGetBinaryFromChar" time="0"/>
  <testcase classname="com.cap_ex.auxiliary.GeneralMethodsTest" name="testSerialize" time="0"/>
  <testcase classname="com.cap_ex.auxiliary.GeneralMethodsTest" name="testGetArraySizeZero" time="0"/>
</testsuite>